E:\workspace\javas\demo\day1\ArrayDemo.java
E:\workspace\javas\demo\day1\ArraySearch.java
E:\workspace\javas\demo\day1\ArraySort.java
E:\workspace\javas\demo\day1\DuotaiDemo1.java
E:\workspace\javas\demo\day1\DuotaiDemo2.java
E:\workspace\javas\demo\day1\ExtendsDemo.java
E:\workspace\javas\demo\day1\ForDisplay.java
E:\workspace\javas\demo\day1\FunDemo.java
E:\workspace\javas\demo\day1\HelloWorld.java
E:\workspace\javas\demo\day1\InterfaceDemo.java
E:\workspace\javas\demo\day1\NumFormat.java
E:\workspace\javas\demo\day1\OperateDemo.java
E:\workspace\javas\demo\day1\Season.java
E:\workspace\javas\demo\day1\TemplateDemo.java
E:\workspace\javas\demo\day10\CalendarDemo.java
E:\workspace\javas\demo\day10\CopyTest.java
E:\workspace\javas\demo\day10\DateDemo.java
E:\workspace\javas\demo\day10\FileReaderDemo.java
E:\workspace\javas\demo\day10\FileReaderDemo2.java
E:\workspace\javas\demo\day10\FileWriterDemo.java
E:\workspace\javas\demo\day10\FileWriterDemo2.java
E:\workspace\javas\demo\day10\FileWriterDemo3.java
E:\workspace\javas\demo\day10\MathDemo.java
E:\workspace\javas\demo\day10\RuntimeDemo.java
E:\workspace\javas\demo\day10\SystemDemo.java
E:\workspace\javas\demo\day11\BufferedReaderDemo.java
E:\workspace\javas\demo\day11\BufferedWriterDemo.java
E:\workspace\javas\demo\day11\CopyMp3.java
E:\workspace\javas\demo\day11\CopyPic.java
E:\workspace\javas\demo\day11\CopyTextByBuf.java
E:\workspace\javas\demo\day11\ExceptionInfo.java
E:\workspace\javas\demo\day11\FileStream.java
E:\workspace\javas\demo\day11\LineNumberReaderDemo.java
E:\workspace\javas\demo\day11\MyLineNumberReaderDemo.java
E:\workspace\javas\demo\day11\PersonDemo.java
E:\workspace\javas\demo\day11\ReadIn.java
E:\workspace\javas\demo\day11\SystemInfo.java
E:\workspace\javas\demo\day11\TransStreamDemo.java
E:\workspace\javas\demo\day11\TransStreamDemo2.java
E:\workspace\javas\demo\day12\FileDemo.java
E:\workspace\javas\demo\day12\FileDemo2.java
E:\workspace\javas\demo\day12\FileDemo3.java
E:\workspace\javas\demo\day12\JavaFileList.java
E:\workspace\javas\demo\day12\RemoveDir.java
E:\workspace\javas\demo\day2\DemoA.java
E:\workspace\javas\demo\day2\DemoB.java
E:\workspace\javas\demo\day2\ExceptDemo.java
E:\workspace\javas\demo\day2\InnerClassDemo.java
E:\workspace\javas\demo\day2\InnerClassTest.java
E:\workspace\javas\demo\day2\PackageDemo.java
E:\workspace\javas\demo\day3\DeadLockTest.java
E:\workspace\javas\demo\day3\SingleDemo.java
E:\workspace\javas\demo\day3\ThreadDemo1.java
E:\workspace\javas\demo\day3\TicketDemo.java
E:\workspace\javas\demo\day4\InputOutputDemo.java
E:\workspace\javas\demo\day4\InputOutputDemo1.java
E:\workspace\javas\demo\day4\JoinDemo.java
E:\workspace\javas\demo\day4\ProducerConsumerDemo.java
E:\workspace\javas\demo\day4\ProducerConsumerDemo1.java
E:\workspace\javas\demo\day4\StopThreadDemo.java
E:\workspace\javas\demo\day5\IntegerDemo.java
E:\workspace\javas\demo\day5\IntegerDemo1.java
E:\workspace\javas\demo\day5\StringBufferDemo.java
E:\workspace\javas\demo\day5\StringDemo.java
E:\workspace\javas\demo\day5\StringMethodDemo.java
E:\workspace\javas\demo\day6\ArrayListTest.java
E:\workspace\javas\demo\day6\ArrayListTest2.java
E:\workspace\javas\demo\day6\CollectionDemo.java
E:\workspace\javas\demo\day6\HashSetDemo.java
E:\workspace\javas\demo\day6\HashSetTest.java
E:\workspace\javas\demo\day6\LinkedListDemo.java
E:\workspace\javas\demo\day6\LinkedListTest.java
E:\workspace\javas\demo\day6\ListDemo.java
E:\workspace\javas\demo\day6\TreeSetDemo.java
E:\workspace\javas\demo\day6\TreeSetDemo2.java
E:\workspace\javas\demo\day6\TreeSetTest.java
E:\workspace\javas\demo\day6\VectorDemo.java
E:\workspace\javas\demo\day7\GenericDemo.java
E:\workspace\javas\demo\day7\GenericDemo2.java
E:\workspace\javas\demo\day7\GenericDemo3.java
E:\workspace\javas\demo\day7\GenericDemo4.java
E:\workspace\javas\demo\day7\GenericDemo5.java
E:\workspace\javas\demo\day7\GenericDemo6.java
E:\workspace\javas\demo\day7\GenericDemo7.java
E:\workspace\javas\demo\day8\MapDemo.java
E:\workspace\javas\demo\day8\MapDemo2.java
E:\workspace\javas\demo\day8\MapDemo3.java
E:\workspace\javas\demo\day8\MapTest.java
E:\workspace\javas\demo\day8\MapTest2.java
E:\workspace\javas\demo\day8\MapTest3.java
E:\workspace\javas\demo\day9\ArraysDemo.java
E:\workspace\javas\demo\day9\CollectionsDemo.java
E:\workspace\javas\demo\day9\CollectionsDemo2.java
E:\workspace\javas\demo\day9\CollectionToArray.java
E:\workspace\javas\demo\day9\ForEachDemo.java
E:\workspace\javas\demo\day9\ParamMethodDemo.java
E:\workspace\javas\demo\day9\StaticImport.java
E:\workspace\javas\demo2\01start\HelloWorld.java
