-- listing properties --
sun.desktop=windows
awt.toolkit=sun.awt.windows.WToolkit
java.specification.version=11
sun.cpu.isalist=amd64
sun.jnu.encoding=GBK
java.class.path=.;D:\Program Files\Java\jdk-11.0.2\li...
java.vm.vendor=Oracle Corporation
sun.arch.data.model=64
user.variant=
java.vendor.url=http://java.oracle.com/
user.timezone=
os.name=Windows 10
java.vm.specification.version=11
sun.java.launcher=SUN_STANDARD
user.country=CN
sun.boot.library.path=D:\Program Files\Java\jdk-11.0.2\bin
sun.java.command=jdk.compiler/com.sun.tools.javac.laun...
jdk.debug=release
sun.cpu.endian=little
user.home=C:\Users\sdqhw
user.language=zh
sun.stderr.encoding=cp65001
java.specification.vendor=Oracle Corporation
java.version.date=2019-01-15
java.home=D:\Program Files\Java\jdk-11.0.2
file.separator=\
java.vm.compressedOopsMode=Zero based
line.separator=

sun.stdout.encoding=cp65001
java.specification.name=Java Platform API Specification
java.vm.specification.vendor=Oracle Corporation
java.awt.graphicsenv=sun.awt.Win32GraphicsEnvironment
jdk.module.main.class=com.sun.tools.javac.launcher.Main
user.script=
sun.management.compiler=HotSpot 64-Bit Tiered Compilers
java.runtime.version=11.0.2+9-LTS
user.name=sdqhw
path.separator=;
os.version=10.0
java.runtime.name=Java(TM) SE Runtime Environment
file.encoding=UTF-8
java.vm.name=Java HotSpot(TM) 64-Bit Server VM
java.vendor.version=18.9
java.vendor.url.bug=http://bugreport.java.com/bugreport/
java.io.tmpdir=C:\Users\sdqhw\AppData\Local\Temp\
java.version=11.0.2
user.dir=E:\workspace\javas\demo\day11
os.arch=amd64
java.vm.specification.name=Java Virtual Machine Specification
java.awt.printerjob=sun.awt.windows.WPrinterJob
sun.os.patch.level=
java.library.path=D:\Program Files\Java\jdk-11.0.2\bin;...
java.vendor=Oracle Corporation
java.vm.info=mixed mode
java.vm.version=11.0.2+9-LTS
sun.io.unicode.encoding=UnicodeLittle
java.class.version=55.0
